[    0.000000] Linux version 4.15.0-173-generic (buildd@lcy02-amd64-094) (gcc version 7.5.0 (Ubuntu 7.5.0-3ubuntu1~18.04)) #182-Ubuntu SMP Fri Mar 18 15:53:46 UTC 2022 (Ubuntu 4.15.0-173.182-generic 4.15.18)
[    0.000000] Command line: BOOT_IMAGE=/boot/vmlinuz-4.15.0-173-generic root=LABEL=cloudimg-rootfs ro console=tty1 console=ttyS0
[    0.000000] KERNEL supported cpus:
[    0.000000]   Intel GenuineIntel
[    0.000000]   AMD AuthenticAMD
[    0.000000]   Centaur CentaurHauls
[    0.000000] x86/fpu: Supporting XSAVE feature 0x001: 'x87 floating point registers'
[    0.000000] x86/fpu: Supporting XSAVE feature 0x002: 'SSE registers'
[    0.000000] x86/fpu: Supporting XSAVE feature 0x004: 'AVX registers'
[    0.000000] x86/fpu: xstate_offset[2]:  576, xstate_sizes[2]:  256
[    0.000000] x86/fpu: Enabled xstate features 0x7, context size is 832 bytes, using 'standard' format.
[    0.000000] e820: BIOS-provided physical RAM map:
[    0.000000] BIOS-e820: [mem 0x0000000000000000-0x000000000009fbff] usable
[    0.000000] BIOS-e820: [mem 0x000000000009fc00-0x000000000009ffff] reserved
[    0.000000] BIOS-e820: [mem 0x00000000000f0000-0x00000000000fffff] reserved
[    0.000000] BIOS-e820: [mem 0x0000000000100000-0x000000003ffeffff] usable
[    0.000000] BIOS-e820: [mem 0x000000003fff0000-0x000000003fffffff] ACPI data
[    0.000000] BIOS-e820: [mem 0x00000000fec00000-0x00000000fec00fff] reserved
[    0.000000] BIOS-e820: [mem 0x00000000fee00000-0x00000000fee00fff] reserved
[    0.000000] BIOS-e820: [mem 0x00000000fffc0000-0x00000000ffffffff] reserved
[    0.000000] NX (Execute Disable) protection: active
[    0.000000] SMBIOS 2.5 present.
[    0.000000] DMI: innotek GmbH VirtualBox/VirtualBox, BIOS VirtualBox 12/01/2006
[    0.000000] Hypervisor detected: KVM
[    0.000000] e820: last_pfn = 0x3fff0 max_arch_pfn = 0x400000000
[    0.000000] MTRR: Disabled
[    0.000000] x86/PAT: MTRRs disabled, skipping PAT initialization too.
[    0.000000] CPU MTRRs all blank - virtualized system.
[    0.000000] x86/PAT: Configuration [0-7]: WB  WT  UC- UC  WB  WT  UC- UC  
[    0.000000] found SMP MP-table at [mem 0x0009fff0-0x0009ffff]
[    0.000000] Scanning 1 areas for low memory corruption
[    0.000000] RAMDISK: [mem 0x359cb000-0x36cdcfff]
[    0.000000] ACPI: Early table checksum verification disabled
[    0.000000] ACPI: RSDP 0x00000000000E0000 000024 (v02 VBOX  )
[    0.000000] ACPI: XSDT 0x000000003FFF0030 00003C (v01 VBOX   VBOXXSDT 00000001 ASL  00000061)
[    0.000000] ACPI: FACP 0x000000003FFF00F0 0000F4 (v04 VBOX   VBOXFACP 00000001 ASL  00000061)
[    0.000000] ACPI: DSDT 0x000000003FFF0470 002325 (v02 VBOX   VBOXBIOS 00000002 INTL 20200925)
[    0.000000] ACPI: FACS 0x000000003FFF0200 000040
[    0.000000] ACPI: FACS 0x000000003FFF0200 000040
[    0.000000] ACPI: APIC 0x000000003FFF0240 000054 (v02 VBOX   VBOXAPIC 00000001 ASL  00000061)
[    0.000000] ACPI: SSDT 0x000000003FFF02A0 0001CC (v01 VBOX   VBOXCPUT 00000002 INTL 20200925)
[    0.000000] ACPI: Reserving FACP table memory at [mem 0x3fff00f0-0x3fff01e3]
[    0.000000] ACPI: Reserving DSDT table memory at [mem 0x3fff0470-0x3fff2794]
[    0.000000] ACPI: Reserving FACS table memory at [mem 0x3fff0200-0x3fff023f]
[    0.000000] ACPI: Reserving FACS table memory at [mem 0x3fff0200-0x3fff023f]
[    0.000000] ACPI: Reserving APIC table memory at [mem 0x3fff0240-0x3fff0293]
[    0.000000] ACPI: Reserving SSDT table memory at [mem 0x3fff02a0-0x3fff046b]
[    0.000000] No NUMA configuration found
[    0.000000] Faking a node at [mem 0x0000000000000000-0x000000003ffeffff]
[    0.000000] NODE_DATA(0) allocated [mem 0x3ffc5000-0x3ffeffff]
[    0.000000] kvm-clock: cpu 0, msr 0:3ff44001, primary cpu clock
[    0.000000] kvm-clock: Using msrs 4b564d01 and 4b564d00
[    0.000000] kvm-clock: using sched offset of 5935716677 cycles
[    0.000000] clocksource: kvm-clock: mask: 0xffffffffffffffff max_cycles: 0x1cd42e4dffb, max_idle_ns: 881590591483 ns
[    0.000000] Zone ranges:
[    0.000000]   DMA      [mem 0x0000000000001000-0x0000000000ffffff]
[    0.000000]   DMA32    [mem 0x0000000001000000-0x000000003ffeffff]
[    0.000000]   Normal   empty
[    0.000000]   Device   empty
[    0.000000] Movable zone start for each node
[    0.000000] Early memory node ranges
[    0.000000]   node   0: [mem 0x0000000000001000-0x000000000009efff]
[    0.000000]   node   0: [mem 0x0000000000100000-0x000000003ffeffff]
[    0.000000] Reserved but unavailable: 104 pages
[    0.000000] Initmem setup node 0 [mem 0x0000000000001000-0x000000003ffeffff]
[    0.000000] ACPI: PM-Timer IO Port: 0x4008
[    0.000000] IOAPIC[0]: apic_id 1, version 32, address 0xfec00000, GSI 0-23
[    0.000000] ACPI: INT_SRC_OVR (bus 0 bus_irq 0 global_irq 2 dfl dfl)
[    0.000000] ACPI: INT_SRC_OVR (bus 0 bus_irq 9 global_irq 9 low level)
[    0.000000] Using ACPI (MADT) for SMP configuration information
[    0.000000] smpboot: Allowing 1 CPUs, 0 hotplug CPUs
[    0.000000] PM: Registered nosave memory: [mem 0x00000000-0x00000fff]
[    0.000000] PM: Registered nosave memory: [mem 0x0009f000-0x0009ffff]
[    0.000000] PM: Registered nosave memory: [mem 0x000a0000-0x000effff]
[    0.000000] PM: Registered nosave memory: [mem 0x000f0000-0x000fffff]
[    0.000000] e820: [mem 0x40000000-0xfebfffff] available for PCI devices
[    0.000000] Booting paravirtualized kernel on KVM
[    0.000000] clocksource: refined-jiffies: mask: 0xffffffff max_cycles: 0xffffffff, max_idle_ns: 7645519600211568 ns
[    0.000000] random: get_random_bytes called from start_kernel+0x99/0x500 with crng_init=0
[    0.000000] setup_percpu: NR_CPUS:8192 nr_cpumask_bits:1 nr_cpu_ids:1 nr_node_ids:1
[    0.000000] percpu: Embedded 50 pages/cpu s167936 r8192 d28672 u2097152
[    0.000000] PV qspinlock hash table entries: 256 (order: 0, 4096 bytes)
[    0.000000] Built 1 zonelists, mobility grouping on.  Total pages: 257913
[    0.000000] Policy zone: DMA32
[    0.000000] Kernel command line: BOOT_IMAGE=/boot/vmlinuz-4.15.0-173-generic root=LABEL=cloudimg-rootfs ro console=tty1 console=ttyS0
[    0.000000] Memory: 982848K/1048120K available (12300K kernel code, 2484K rwdata, 4324K rodata, 2468K init, 2724K bss, 65272K reserved, 0K cma-reserved)
[    0.000000] SLUB: HWalign=64, Order=0-3, MinObjects=0, CPUs=1, Nodes=1
[    0.000000] Kernel/User page tables isolation: enabled
[    0.000000] ftrace: allocating 39503 entries in 155 pages
[    0.004000] Hierarchical RCU implementation.
[    0.004000] 	RCU restricting CPUs from NR_CPUS=8192 to nr_cpu_ids=1.
[    0.004000] 	Tasks RCU enabled.
[    0.004000] RCU: Adjusting geometry for rcu_fanout_leaf=16, nr_cpu_ids=1
[    0.004000] NR_IRQS: 524544, nr_irqs: 256, preallocated irqs: 16
[    0.004000] Console: colour VGA+ 80x25
[    0.004000] console [tty1] enabled
[    0.004000] console [ttyS0] enabled
[    0.004000] ACPI: Core revision 20170831
[    0.004000] ACPI: 2 ACPI AML tables successfully acquired and loaded
[    0.004000] APIC: Switch to symmetric I/O mode setup
[    0.004000] x2apic enabled
[    0.004000] Switched APIC routing to physical x2apic.
[    0.004000] ..TIMER: vector=0x30 apic1=0 pin1=2 apic2=-1 pin2=-1
[    0.004004] tsc: Detected 1800.002 MHz processor
[    0.004732] Calibrating delay loop (skipped) preset value.. 3600.00 BogoMIPS (lpj=7200008)
[    0.005177] pid_max: default: 32768 minimum: 301
[    0.005879] Security Framework initialized
[    0.006544] Yama: becoming mindful.
[    0.008024] AppArmor: AppArmor initialized
[    0.009396] Dentry cache hash table entries: 131072 (order: 8, 1048576 bytes)
[    0.010538] Inode-cache hash table entries: 65536 (order: 7, 524288 bytes)
[    0.011626] Mount-cache hash table entries: 2048 (order: 2, 16384 bytes)
[    0.012007] Mountpoint-cache hash table entries: 2048 (order: 2, 16384 bytes)
[    0.013230] process: using mwait in idle threads
[    0.014090] Last level iTLB entries: 4KB 64, 2MB 8, 4MB 8
[    0.014948] Last level dTLB entries: 4KB 64, 2MB 0, 4MB 0, 1GB 4
[    0.016003] Spectre V1 : Mitigation: usercopy/swapgs barriers and __user pointer sanitization
[    0.017277] Spectre V2 : Mitigation: Retpolines
[    0.018055] Spectre V2 : Spectre v2 / SpectreRSB mitigation: Filling RSB on context switch
[    0.019275] Speculative Store Bypass: Vulnerable
[    0.020050] SRBDS: Unknown: Dependent on hypervisor status
[    0.020863] MDS: Mitigation: Clear CPU buffers
[    0.037877] Freeing SMP alternatives memory: 36K
[    0.148536] smpboot: CPU0: Intel(R) Core(TM) i5-8250U CPU @ 1.60GHz (family: 0x6, model: 0x8e, stepping: 0xa)
[    0.150426] Performance Events: unsupported p6 CPU model 142 no PMU driver, software events only.
[    0.152000] Hierarchical SRCU implementation.
[    0.152702] NMI watchdog: Perf event create on CPU 0 failed with -2
[    0.153867] NMI watchdog: Perf NMI watchdog permanently disabled
[    0.154988] smp: Bringing up secondary CPUs ...
[    0.155827] smp: Brought up 1 node, 1 CPU
[    0.156006] smpboot: Max logical packages: 1
[    0.156819] smpboot: Total of 1 processors activated (3600.00 BogoMIPS)
[    0.158221] devtmpfs: initialized
[    0.159043] x86/mm: Memory block size: 128MB
[    0.160144] evm: security.selinux
[    0.160804] evm: security.SMACK64
[    0.161313] evm: security.SMACK64EXEC
[    0.162049] evm: security.SMACK64TRANSMUTE
[    0.163014] evm: security.SMACK64MMAP
[    0.164008] evm: security.apparmor
[    0.164701] evm: security.ima
[    0.165321] evm: security.capability
[    0.166191] clocksource: jiffies: mask: 0xffffffff max_cycles: 0xffffffff, max_idle_ns: 7645041785100000 ns
[    0.168020] futex hash table entries: 256 (order: 2, 16384 bytes)
[    0.169397] pinctrl core: initialized pinctrl subsystem
[    0.170413] RTC time:  6:48:25, date: 04/07/22
[    0.171423] NET: Registered protocol family 16
[    0.172080] audit: initializing netlink subsys (disabled)
[    0.173280] cpuidle: using governor ladder
[    0.173908] cpuidle: using governor menu
[    0.174682] ACPI: bus type PCI registered
[    0.176005] acpiphp: ACPI Hot Plug PCI Controller Driver version: 0.5
[    0.177119] PCI: Using configuration type 1 for base access
[    0.178017] audit: type=2000 audit(1649314112.616:1): state=initialized audit_enabled=0 res=1
[    0.180239] HugeTLB registered 2.00 MiB page size, pre-allocated 0 pages
[    0.183008] ACPI: Added _OSI(Module Device)
[    0.184009] ACPI: Added _OSI(Processor Device)
[    0.184923] ACPI: Added _OSI(3.0 _SCP Extensions)
[    0.185908] ACPI: Added _OSI(Processor Aggregator Device)
[    0.187015] ACPI: Added _OSI(Linux-Dell-Video)
[    0.188014] ACPI: Added _OSI(Linux-Lenovo-NV-HDMI-Audio)
[    0.189100] ACPI: Added _OSI(Linux-HPI-Hybrid-Graphics)
[    0.190402] ACPI: Executed 1 blocks of module-level executable AML code
[    0.195188] ACPI: Interpreter enabled
[    0.196030] ACPI: (supports S0 S5)
[    0.196800] ACPI: Using IOAPIC for interrupt routing
[    0.198125] PCI: Using host bridge windows from ACPI; if necessary, use "pci=nocrs" and report a bug
[    0.200179] ACPI: Enabled 2 GPEs in block 00 to 07
[    0.208225] ACPI: PCI Root Bridge [PCI0] (domain 0000 [bus 00-ff])
[    0.209708] acpi PNP0A03:00: _OSC: OS supports [ASPM ClockPM Segments MSI]
[    0.211828] acpi PNP0A03:00: _OSC: not requesting OS control; OS requires [ExtendedConfig ASPM ClockPM MSI]
[    0.212030] acpi PNP0A03:00: fail to add MMCONFIG information, can't access extended PCI configuration space under this bridge.
[    0.216433] PCI host bridge to bus 0000:00
[    0.217181] pci_bus 0000:00: root bus resource [io  0x0000-0x0cf7 window]
[    0.220007] pci_bus 0000:00: root bus resource [io  0x0d00-0xffff window]
[    0.221370] pci_bus 0000:00: root bus resource [mem 0x000a0000-0x000bffff window]
[    0.223358] pci_bus 0000:00: root bus resource [mem 0x40000000-0xfdffffff window]
[    0.224010] pci_bus 0000:00: root bus resource [bus 00-ff]
[    0.228036] pci 0000:00:01.1: legacy IDE quirk: reg 0x10: [io  0x01f0-0x01f7]
[    0.230657] pci 0000:00:01.1: legacy IDE quirk: reg 0x14: [io  0x03f6]
[    0.232008] pci 0000:00:01.1: legacy IDE quirk: reg 0x18: [io  0x0170-0x0177]
[    0.233101] pci 0000:00:01.1: legacy IDE quirk: reg 0x1c: [io  0x0376]
[    0.250636] pci 0000:00:07.0: quirk: [io  0x4000-0x403f] claimed by PIIX4 ACPI
[    0.252015] pci 0000:00:07.0: quirk: [io  0x4100-0x410f] claimed by PIIX4 SMB
[    0.268542] ACPI: PCI Interrupt Link [LNKA] (IRQs 5 9 10 *11)
[    0.270325] ACPI: PCI Interrupt Link [LNKB] (IRQs 5 9 *10 11)
[    0.271618] ACPI: PCI Interrupt Link [LNKC] (IRQs 5 *9 10 11)
[    0.272138] ACPI: PCI Interrupt Link [LNKD] (IRQs 5 9 10 *11)
[    0.273825] SCSI subsystem initialized
[    0.274862] pci 0000:00:02.0: vgaarb: setting as boot VGA device
[    0.276000] pci 0000:00:02.0: vgaarb: VGA device added: decodes=io+mem,owns=io+mem,locks=none
[    0.276010] pci 0000:00:02.0: vgaarb: bridge control possible
[    0.277062] vgaarb: loaded
[    0.280070] ACPI: bus type USB registered
[    0.280859] usbcore: registered new interface driver usbfs
[    0.281990] usbcore: registered new interface driver hub
[    0.282977] usbcore: registered new device driver usb
[    0.284085] EDAC MC: Ver: 3.0.0
[    0.285119] PCI: Using ACPI for IRQ routing
[    0.286273] NetLabel: Initializing
[    0.286994] NetLabel:  domain hash size = 128
[    0.288003] NetLabel:  protocols = UNLABELED CIPSOv4 CALIPSO
[    0.289115] NetLabel:  unlabeled traffic allowed by default
[    0.290348] clocksource: Switched to clocksource kvm-clock
[    0.300137] VFS: Disk quotas dquot_6.6.0
[    0.300851] VFS: Dquot-cache hash table entries: 512 (order 0, 4096 bytes)
[    0.302076] AppArmor: AppArmor Filesystem Enabled
[    0.303028] pnp: PnP ACPI init
[    0.304669] pnp: PnP ACPI: found 3 devices
[    0.310853] clocksource: acpi_pm: mask: 0xffffff max_cycles: 0xffffff, max_idle_ns: 2085701024 ns
[    0.312478] NET: Registered protocol family 2
[    0.313223] IP idents hash table entries: 16384 (order: 5, 131072 bytes)
[    0.314479] TCP established hash table entries: 8192 (order: 4, 65536 bytes)
[    0.315583] TCP bind hash table entries: 8192 (order: 5, 131072 bytes)
[    0.316615] TCP: Hash tables configured (established 8192 bind 8192)
[    0.317591] UDP hash table entries: 512 (order: 2, 16384 bytes)
[    0.318520] UDP-Lite hash table entries: 512 (order: 2, 16384 bytes)
[    0.319556] NET: Registered protocol family 1
[    0.320278] pci 0000:00:00.0: Limiting direct PCI/PCI transfers
[    0.321234] pci 0000:00:01.0: Activating ISA DMA hang workarounds
[    0.322245] pci 0000:00:02.0: Video device with shadowed ROM at [mem 0x000c0000-0x000dffff]
[    0.323624] Unpacking initramfs...
[    0.610337] Freeing initrd memory: 19528K
[    0.616157] clocksource: tsc: mask: 0xffffffffffffffff max_cycles: 0x19f22b76be8, max_idle_ns: 440795216487 ns
[    0.617663] platform rtc_cmos: registered platform RTC device (no PNP device found)
[    0.618814] Scanning for low memory corruption every 60 seconds
[    0.620066] Initialise system trusted keyrings
[    0.620948] Key type blacklist registered
[    0.621629] workingset: timestamp_bits=36 max_order=18 bucket_order=0
[    0.623401] zbud: loaded
[    0.624360] squashfs: version 4.0 (2009/01/31) Phillip Lougher
[    0.625647] fuse init (API version 7.26)
[    0.626967] Key type asymmetric registered
[    0.627698] Asymmetric key parser 'x509' registered
[    0.628539] Block layer SCSI generic (bsg) driver version 0.4 loaded (major 246)
[    0.629899] io scheduler noop registered
[    0.630683] io scheduler deadline registered
[    0.631497] io scheduler cfq registered (default)
[    0.632645] ACPI: AC Adapter [AC] (on-line)
[    0.633474] input: Power Button as /devices/LNXSYSTM:00/LNXPWRBN:00/input/input0
[    0.634768] ACPI: Power Button [PWRF]
[    0.635508] input: Sleep Button as /devices/LNXSYSTM:00/LNXSLPBN:00/input/input1
[    0.636897] ACPI: Sleep Button [SLPF]
[    0.638338] ACPI: Battery Slot [BAT0] (battery present)
[    0.639325] Serial: 8250/16550 driver, 32 ports, IRQ sharing enabled
[    0.661446] 00:02: ttyS0 at I/O 0x3f8 (irq = 4, base_baud = 115200) is a 16550A
[    0.663786] Linux agpgart interface v0.103
[    0.665273] loop: module loaded
[    0.666173] scsi host0: ata_piix
[    0.666713] scsi host1: ata_piix
[    0.667237] ata1: PATA max UDMA/33 cmd 0x1f0 ctl 0x3f6 bmdma 0xd000 irq 14
[    0.668177] ata2: PATA max UDMA/33 cmd 0x170 ctl 0x376 bmdma 0xd008 irq 15
[    0.669527] tun: Universal TUN/TAP device driver, 1.6
[    0.670286] PPP generic driver version 2.4.2
[    0.670968] ehci_hcd: USB 2.0 'Enhanced' Host Controller (EHCI) Driver
[    0.671986] ehci-pci: EHCI PCI platform driver
[    0.672638] ehci-platform: EHCI generic platform driver
[    0.673828] ohci_hcd: USB 1.1 'Open' Host Controller (OHCI) Driver
[    0.674661] ohci-pci: OHCI PCI platform driver
[    0.675274] ohci-platform: OHCI generic platform driver
[    0.675973] uhci_hcd: USB Universal Host Controller Interface driver
[    0.676884] i8042: PNP: PS/2 Controller [PNP0303:PS2K,PNP0f03:PS2M] at 0x60,0x64 irq 1,12
[    0.678562] serio: i8042 KBD port at 0x60,0x64 irq 1
[    0.679392] serio: i8042 AUX port at 0x60,0x64 irq 12
[    0.680162] mousedev: PS/2 mouse device common for all mice
[    0.681208] input: AT Translated Set 2 keyboard as /devices/platform/i8042/serio0/input/input2
[    0.682758] rtc_cmos rtc_cmos: rtc core: registered rtc_cmos as rtc0
[    0.683703] rtc_cmos rtc_cmos: alarms up to one day, 114 bytes nvram
[    0.684621] i2c /dev entries driver
[    0.685218] device-mapper: uevent: version 1.0.3
[    0.685885] device-mapper: ioctl: 4.37.0-ioctl (2017-09-20) initialised: dm-devel@redhat.com
[    0.687073] ledtrig-cpu: registered to indicate activity on CPUs
[    0.687979] intel_pmc_core:  initialized
[    0.688764] NET: Registered protocol family 10
[    0.692042] Segment Routing with IPv6
[    0.693555] NET: Registered protocol family 17
[    0.694268] Key type dns_resolver registered
[    0.695060] mce: Using 0 MCE banks
[    0.695569] RAS: Correctable Errors collector initialized.
[    0.696436] sched_clock: Marking stable (696406942, 0)->(840937604, -144530662)
[    0.697668] registered taskstats version 1
[    0.698270] Loading compiled-in X.509 certificates
[    0.700724] Loaded X.509 cert 'Build time autogenerated kernel key: 70c562671a3916277fe5fdc18b24b613b7a6fbd0'
[    0.702554] Loaded X.509 cert 'Canonical Ltd. Live Patch Signing: 14df34d1a87cf37625abec039ef2bf521249b969'
[    0.704325] Loaded X.509 cert 'Canonical Ltd. Kernel Module Signing: 88f752e560a1e0737e31163a466ad7b70a850c19'
[    0.705690] blacklist: Loading compiled-in revocation X.509 certificates
[    0.706809] Loaded X.509 cert 'Canonical Ltd. Secure Boot Signing: 61482aa2830d0ab2ad5af10b7250da9033ddcef0'
[    0.708273] zswap: loaded using pool lzo/zbud
[    0.711318] Key type big_key registered
[    0.711985] Key type trusted registered
[    0.713853] Key type encrypted registered
[    0.714596] AppArmor: AppArmor sha1 policy hashing enabled
[    0.715444] ima: No TPM chip found, activating TPM-bypass! (rc=-19)
[    0.716316] ima: Allocated hash algorithm: sha1
[    0.716960] evm: HMAC attrs: 0x1
[    0.717837]   Magic number: 2:933:821
[    0.718604] rtc_cmos rtc_cmos: setting system clock to 2022-04-07 06:48:25 UTC (1649314105)
[    0.720182] BIOS EDD facility v0.16 2004-Jun-25, 0 devices found
[    0.721311] EDD information not available.
[    0.852967] Freeing unused kernel image memory: 2468K
[    0.860074] Write protecting the kernel read-only data: 20480k
[    0.861387] Freeing unused kernel image memory: 2008K
[    0.862412] Freeing unused kernel image memory: 1820K
[    0.869202] x86/mm: Checked W+X mappings: passed, no W+X pages found.
[    0.870282] x86/mm: Checking user space page tables
[    0.877183] x86/mm: Checked W+X mappings: passed, no W+X pages found.
Loading, please wait...
starting version 237
[    0.967193] e1000: Intel(R) PRO/1000 Network Driver - version 7.3.21-k8-NAPI
[    0.968347] e1000: Copyright (c) 1999-2006 Intel Corporation.
[    0.974838] Fusion MPT base driver 3.04.20
[    0.975556] Copyright (c) 1999-2008 LSI Corporation
[    0.987982] Fusion MPT SPI Host driver 3.04.20
[    1.010783] AVX2 version of gcm_enc/dec engaged.
[    1.011532] AES CTR mode by8 optimization enabled
[    1.185890] input: ImExPS/2 Generic Explorer Mouse as /devices/platform/i8042/serio1/input/input4
[    1.375292] e1000 0000:00:03.0 eth0: (PCI:33MHz:32-bit) 02:27:94:89:a7:22
[    1.376317] e1000 0000:00:03.0 eth0: Intel(R) PRO/1000 Network Connection
[    1.377889] mptbase: ioc0: Initiating bringup
[    1.472235] ioc0: LSI53C1030 A0: Capabilities={Initiator}
[    1.713120] scsi host2: ioc0: LSI53C1030 A0, FwRev=00000000h, Ports=1, MaxQ=256, IRQ=20
[    1.880404] scsi 2:0:0:0: Direct-Access     VBOX     HARDDISK         1.0  PQ: 0 ANSI: 5
[    1.882086] scsi target2:0:0: Beginning Domain Validation
[    1.885614] random: fast init done
[    1.886412] scsi target2:0:0: Domain Validation skipping write tests
[    1.887677] scsi target2:0:0: Ending Domain Validation
[    1.888735] scsi target2:0:0: asynchronous
[    1.890058] scsi 2:0:1:0: Direct-Access     VBOX     HARDDISK         1.0  PQ: 0 ANSI: 5
[    1.891701] scsi target2:0:1: Beginning Domain Validation
[    1.893750] scsi target2:0:1: Domain Validation skipping write tests
[    1.895154] scsi target2:0:1: Ending Domain Validation
[    1.896101] scsi target2:0:1: asynchronous
[    1.900309] random: systemd-udevd: uninitialized urandom read (16 bytes read)
[    1.901500] random: systemd-udevd: uninitialized urandom read (16 bytes read)
[    1.903177] random: systemd-udevd: uninitialized urandom read (16 bytes read)
[    1.904664] sd 2:0:0:0: [sda] 83886080 512-byte logical blocks: (42.9 GB/40.0 GiB)
[    1.905923] sd 2:0:0:0: Attached scsi generic sg0 type 0
[    1.908113] sd 2:0:0:0: [sda] Write Protect is off
[    1.909858] sd 2:0:0:0: [sda] Incomplete mode parameter data
[    1.910942] sd 2:0:0:0: [sda] Assuming drive cache: write through
[    1.912839] sd 2:0:1:0: [sdb] 20480 512-byte logical blocks: (10.5 MB/10.0 MiB)
[    1.914456] sd 2:0:1:0: [sdb] Write Protect is off
[    1.915370] sd 2:0:1:0: [sdb] Incomplete mode parameter data
[    1.916470] sd 2:0:1:0: [sdb] Assuming drive cache: write through
[    1.917792] sd 2:0:1:0: Attached scsi generic sg1 type 0
[    2.223262]  sda: sda1
[    2.224506] sd 2:0:0:0: [sda] Attached SCSI disk
[    2.252444] e1000 0000:00:08.0 eth1: (PCI:33MHz:32-bit) 08:00:27:ce:ab:29
[    2.253859] e1000 0000:00:08.0 eth1: Intel(R) PRO/1000 Network Connection
[    2.615914] e1000 0000:00:09.0 eth2: (PCI:33MHz:32-bit) 08:00:27:b3:2d:cb
[    2.616968] e1000 0000:00:09.0 eth2: Intel(R) PRO/1000 Network Connection
[    2.619224] e1000 0000:00:09.0 enp0s9: renamed from eth2
[    2.637806] e1000 0000:00:03.0 enp0s3: renamed from eth0
[    2.640402] e1000 0000:00:08.0 enp0s8: renamed from eth1
[    2.739911] sd 2:0:1:0: [sdb] Attached SCSI disk
Begin: Loading essential drivers ... [    4.401665] raid6: sse2x1   gen() 12115 MB/s
[    4.468747] raid6: sse2x1   xor()  7959 MB/s
[    4.533322] raid6: sse2x2   gen()  7275 MB/s
[    4.583891] raid6: sse2x2   xor()  5249 MB/s
[    4.652944] raid6: sse2x4   gen()  6657 MB/s
[    4.721298] raid6: sse2x4   xor()  6643 MB/s
[    4.785449] raid6: avx2x1   gen() 20168 MB/s
[    4.853192] raid6: avx2x1   xor() 18077 MB/s
[    4.916953] raid6: avx2x2   gen() 26485 MB/s
[    4.980870] raid6: avx2x2   xor() 16449 MB/s
[    5.046232] raid6: avx2x4   gen() 32649 MB/s
[    5.105529] raid6: avx2x4   xor() 18812 MB/s
[    5.106181] raid6: using algorithm avx2x4 gen() 32649 MB/s
[    5.107112] raid6: .... xor() 18812 MB/s, rmw enabled
[    5.108040] raid6: using avx2x2 recovery algorithm
[    5.110488] xor: automatically using best checksumming function   avx       
[    5.114166] async_tx: api initialized (async)
done.
Begin: Running /scripts/init-premount ... done.
Begin: Mounting root file system ... Begin: Running /scripts/local-top ... done.
Begin: Running /scripts/local-premount ... [    5.164395] Btrfs loaded, crc32c=crc32c-intel
Scanning for Btrfs filesystems
done.
Warning: fsck not present, so skipping root file system
[    5.198393] EXT4-fs (sda1): INFO: recovery required on readonly filesystem
[    5.199571] EXT4-fs (sda1): write access will be enabled during recovery
[    5.395828] EXT4-fs (sda1): recovery complete
[    5.397738] EXT4-fs (sda1): mounted filesystem with ordered data mode. Opts: (null)
done.
Begin: Running /scripts/local-bottom ... done.
Begin: Running /scripts/init-bottom ... done.
[    5.611538] ip_tables: (C) 2000-2006 Netfilter Core Team
[    5.623953] systemd[1]: systemd 237 running in system mode. (+PAM +AUDIT +SELINUX +IMA +APPARMOR +SMACK +SYSVINIT +UTMP +LIBCRYPTSETUP +GCRYPT +GNUTLS +ACL +XZ +LZ4 +SECCOMP +BLKID +ELFUTILS +KMOD -IDN2 +IDN -PCRE2 default-hierarchy=hybrid)
[    5.627076] systemd[1]: Detected virtualization oracle.
[    5.627785] systemd[1]: Detected architecture x86-64.

Welcome to [1mUbuntu 18.04.6 LTS[0m!

[    5.631420] systemd[1]: Set hostname to <worker-2>.
[    5.912802] systemd[1]: Configuration file /lib/systemd/system/kubelet.service is marked world-inaccessible. This has no effect as configuration data is accessible via APIs without restrictions. Proceeding anyway.
[    5.916702] systemd[1]: Configuration file /etc/systemd/system/kubelet.service.d/10-kubeadm.conf is marked world-inaccessible. This has no effect as configuration data is accessible via APIs without restrictions. Proceeding anyway.
[    5.964440] systemd[1]: Reached target User and Group Name Lookups.
[[0;32m  OK  [0m] Reached target User and Group Name Lookups.
[    5.966875] systemd[1]: Started Forward Password Requests to Wall Directory Watch.
[[0;32m  OK  [0m] Started Forward Password Requests to Wall Directory Watch.
[    5.970037] systemd[1]: Created slice User and Session Slice.
[[0;32m  OK  [0m] Created slice User and Session Slice.
[    5.971658] systemd[1]: Set up automount Arbitrary Executable File Formats File System Automount Point.
[[0;32m  OK  [0m] Set up automount Arbitrary Executab…rmats File System Automount Point.
[[0;32m  OK  [0m] Created slice System Slice.
[[0;32m  OK  [0m] Listening on fsck to fsckd communication Socket.
[[0;32m  OK  [0m] Created slice system-serial\x2dgetty.slice.
[[0;32m  OK  [0m] Reached target Slices.
[[0;32m  OK  [0m] Listening on Journal Socket (/dev/log).
[[0;32m  OK  [0m] Listening on Network Service Netlink Socket.
[[0;32m  OK  [0m] Listening on /dev/initctl Compatibility Named Pipe.
[[0;32m  OK  [0m] Listening on udev Kernel Socket.
[[0;32m  OK  [0m] Listening on Journal Socket.
         Starting Load Kernel Modules...
         Mounting Kernel Debug File System...
         Mounting POSIX Message Queue File System...
         Starting Create list of required st…ce nodes for the current kernel...
[[0;32m  OK  [0m] Listening on Syslog Socket.
         Starting Uncomplicated firewall...
[[    5.998978] Loading iSCSI transport class v2.0-870.
[0;32m  OK  [0m] Listening on Device-mapper event daemon FIFOs.
[[0;32m  OK  [0m] Reached target Swap.
         Mounting Huge Pages File System...
[[0;32m  OK  [0m] Listening on LVM2 poll daemon socket.
[    6.009032] iscsi: registered transport (tcp)
[[0;32m  OK  [0m] Listening on Journal Audit Socket.
         Starting Journal Service...
[[0;32m  OK  [0m] Listening on LVM2 metadata daemon socket.
[[0;32m  OK  [0m] Listening on udev Control Socket.
         Starting Monitoring of LVM2 mirrors…ng dmeventd or progress polling...
         Starting udev Coldplug all Devices...
         Starting Set the console keyboard layout...
[[0;32m  OK  [0m] Reached target System Time Synchronized.
         Starting File System Check on Root Device...
[[0;32m  OK  [0m] Started Create list of required sta…vice nodes for the current kernel.
         Starting Create Static Device Nodes in /dev...
[[0;32m  OK  [0m] Started Uncomplicated firewall.
[[0;32m  OK  [0m] Mounted POSIX Message Queue File System.
[[0;32m  OK  [0m] Mounted Kernel Debug File System.
[[0;32m  OK  [0m] Mounted Huge Pages File System.
[[0;32m  OK  [0m] Started LVM2 metadata daemon.
[[0;32m  OK  [0m] Started udev Coldplug all Devices.
[[0;32m  OK  [0m] Started File System Check Daemon to report status.
[[0;32m  OK  [0m] Started Journal Service.
[    6.153379] iscsi: registered transport (iser)
[[0;32m  OK  [0m] Started Load Kernel Modules.
         Mounting FUSE Control File System...
         Starting Apply Kernel Variables...
         Mounting Kernel Configuration File System...
[[0;32m  OK  [0m] Mounted Kernel Configuration File System.
[[0;32m  OK  [0m] Mounted FUSE Control File System.
[[0;32m  OK  [0m] Started Create Static Device Nodes in /dev.
[[0;32m  OK  [0m] Started File System Check on Root Device.
         Starting Remount Root and Kernel File Systems...
[[0;32m  OK  [0m] Started Monitoring of LVM2 mirrors,…sing dmeventd or progress polling.
[[0;32m  OK  [0m] Started Apply Kernel Variables.
[[0;32m  OK  [0m] Started Remount Root and Kernel File Systems.
         Starting Load/Save Random Seed...
         Starting Flush Journal to Persistent Storage...
         Starting udev Kernel Device Manager...
[[0;32m  OK  [0m] Started Set the console keyboard layout.
[[0;32m  OK  [0m] Reached target Local File Systems (Pre).
[[0;32m  OK  [0m] Reached target Local File Systems.
         Starting AppArmor initialization...
         Starting Set console font and keymap...
         Starting Tell Plymouth To Write Out Runtime Data...
         Starting ebtables ruleset management...
[[0;32m  OK  [0m] Started Load/Save Random Seed.
[[0;32m  OK  [0m] Started Set console font and keymap.
[[0;32m  OK  [0m] Started Tell Plymouth To Write Out Runtime Data.
[[0;32m  OK  [0m] Started udev Kernel Device Manager.
[[0;32m  OK  [0m] Started Dispatch Password Requests to Console Directory Watch.
[[0;32m  OK  [0m] Reached target Local Encrypted Volumes.
[[0;32m  OK  [0m] Started ebtables ruleset management.
[[0;32m  OK  [0m] Started Flush Journal to Persistent Storage.
         Starting Create Volatile Files and Directories...
[[0;32m  OK  [0m] Started Create Volatile Files and Directories.
         Starting Update UTMP about System Boot/Shutdown...
[[0;32m  OK  [0m] Started Update UTMP about System Boot/Shutdown.
[[0;32m  OK  [0m] Started AppArmor initialization.
         Starting Initial cloud-init job (pre-networking)...
         Starting Load AppArmor profiles managed internally by snapd...
[[0;32m  OK  [0m] Started Load AppArmor profiles managed internally by snapd.
[[0;32m  OK  [0m] Found device /dev/ttyS0.
[[0;32m  OK  [0m] Listening on Load/Save RF Kill Switch Status /dev/rfkill Watch.
[    8.701820] cloud-init[521]: Cloud-init v. 22.1-14-g2e17a0d6-0ubuntu1~18.04.3 running 'init-local' at Thu, 07 Apr 2022 06:48:33 +0000. Up 8.52 seconds.
[[0;32m  OK  [0m] Started Initial cloud-init job (pre-networking).
[[0;32m  OK  [0m] Reached target Network (Pre).
         Starting Network Service...
[[0;32m  OK  [0m] Started Network Service.
         Starting Wait for Network to be Configured...
         Starting Network Name Resolution...
[[0;32m  OK  [0m] Started Network Name Resolution.
[[0;32m  OK  [0m] Reached target Host and Network Name Lookups.
[[0;32m  OK  [0m] Reached target Network.
[[0;32m  OK  [0m] Started Wait for Network to be Configured.
         Starting Initial cloud-init job (metadata service crawler)...
[   11.409492] cloud-init[653]: Cloud-init v. 22.1-14-g2e17a0d6-0ubuntu1~18.04.3 running 'init' at Thu, 07 Apr 2022 06:48:35 +0000. Up 11.16 seconds.
[   11.412485] cloud-init[653]: ci-info: ++++++++++++++++++++++++++++++++++++++Net device info+++++++++++++++++++++++++++++++++++++++
[   11.416468] cloud-init[653]: ci-info: +--------+------+-----------------------------+---------------+--------+-------------------+
[   11.419707] cloud-init[653]: ci-info: | Device |  Up  |           Address           |      Mask     | Scope  |     Hw-Address    |
[   11.424516] cloud-init[653]: ci-info: +--------+------+-----------------------------+---------------+--------+-------------------+
[   11.431288] cloud-init[653]: ci-info: | enp0s3 | True |          10.0.2.15          | 255.255.255.0 | global | 02:27:94:89:a7:22 |
[   11.433632] cloud-init[653]: ci-info: | enp0s3 | True |  fe80::27:94ff:fe89:a722/64 |       .       |  link  | 02:27:94:89:a7:22 |
[   11.436398] cloud-init[653]: ci-info: | enp0s8 | True |        192.168.33.15        | 255.255.255.0 | global | 08:00:27:ce:ab:29 |
[   11.448403] cloud-init[653]: ci-info: | enp0s8 | True | fe80::a00:27ff:fece:ab29/64 |       .       |  link  | 08:00:27:ce:ab:29 |
[   11.461609] cloud-init[653]: ci-info: | enp0s9 | True |        192.168.33.16        | 255.255.255.0 | global | 08:00:27:b3:2d:cb |
[   11.463079] cloud-init[653]: ci-info: | enp0s9 | True | fe80::a00:27ff:feb3:2dcb/64 |       .       |  link  | 08:00:27:b3:2d:cb |
[   11.464724] cloud-init[653]: ci-info: |   lo   | True |          127.0.0.1          |   255.0.0.0   |  host  |         .         |
[   11.467659] cloud-init[653]: ci-info: |   lo   | True |           ::1/128           |       .       |  host  |         .         |
[   11.469274] cloud-init[653]: ci-info: +--------+------+-----------------------------+---------------+--------+-------------------+
[   11.473094] cloud-init[653]: ci-info: +++++++++++++++++++++++++++++Route IPv4 info+++++++++++++++++++++++++++++
[   11.476949] cloud-init[653]: ci-info: +-------+--------------+----------+-----------------+-----------+-------+
[   11.481435] cloud-init[653]: ci-info: | Route | Destination  | Gateway  |     Genmask     | Interface | Flags |
[   11.489961] cloud-init[653]: ci-info: +-------+--------------+----------+-----------------+-----------+-------+
[   11.493265] cloud-init[653]: ci-info: |   0   |   0.0.0.0    | 10.0.2.2 |     0.0.0.0     |   enp0s3  |   UG  |
[   11.496105] cloud-init[653]: ci-info: |   1   |   10.0.2.0   | 0.0.0.0  |  255.255.255.0  |   enp0s3  |   U   |
[   11.498067] cloud-init[653]: ci-info: |   2   |   10.0.2.2   | 0.0.0.0  | 255.255.255.255 |   enp0s3  |   UH  |
[   11.512387] cloud-init[653]: ci-info: |   3   | 192.168.33.0 | 0.0.0.0  |  255.255.255.0  |   enp0s8  |   U   |
[   11.541972] cloud-init[653]: ci-info: |   4   | 192.168.33.0 | 0.0.0.0  |  255.255.255.0  |   enp0s9  |   U   |
[   11.566496] cloud-init[653]: ci-info: +-------+--------------+----------+-----------------+-----------+-------+
[   11.572504] cloud-init[653]: ci-info: +++++++++++++++++++Route IPv6 info+++++++++++++++++++
[   11.574789] cloud-init[653]: ci-info: +-------+-------------+---------+-----------+-------+
[   11.576043] cloud-init[653]: ci-info: | Route | Destination | Gateway | Interface | Flags |
[   11.577872] cloud-init[653]: ci-info: +-------+-------------+---------+-----------+-------+
[   11.580175] cloud-init[653]: ci-info: |   1   |  fe80::/64  |    ::   |   enp0s8  |   U   |
[   11.583707] cloud-init[653]: ci-info: |   2   |  fe80::/64  |    ::   |   enp0s9  |   U   |
[   11.588316] cloud-init[653]: ci-info: |   3   |  fe80::/64  |    ::   |   enp0s3  |   U   |
[   11.594595] cloud-init[653]: ci-info: |   5   |    local    |    ::   |   enp0s3  |   U   |
[   11.606219] cloud-init[653]: ci-info: |   6   |    local    |    ::   |   enp0s9  |   U   |
[   11.607154] cloud-init[653]: ci-info: |   7   |    local    |    ::   |   enp0s8  |   U   |
[   11.608376] cloud-init[653]: ci-info: |   8   |   ff00::/8  |    ::   |   enp0s8  |   U   |
[   11.609607] cloud-init[653]: ci-info: |   9   |   ff00::/8  |    ::   |   enp0s9  |   U   |
[   11.610722] cloud-init[653]: ci-info: |   10  |   ff00::/8  |    ::   |   enp0s3  |   U   |
[   11.612198] cloud-init[653]: ci-info: +-------+-------------+---------+-----------+-------+
[[0;32m  OK  [0m] Started Initial cloud-init job (metadata service crawler).
[[0;32m  OK  [0m] Reached target Cloud-config availability.
[[0;32m  OK  [0m] Reached target Network is Online.
         Starting Availability of block devices...
[[0;32m  OK  [0m] Reached target Remote File Systems (Pre).
         Mounting /vagrant...
[[0;32m  OK  [0m] Reached target System Initialization.
         Starting Socket activation for snappy daemon.
[[0;32m  OK  [0m] Started Ubuntu Advantage Timer for running repeated jobs.
[[0;32m  OK  [0m] Listening on D-Bus System Message Bus Socket.
         Starting LXD - unix socket.
[[0;32m  OK  [0m] Listening on Open-iSCSI iscsid Socket.
[[0;32m  OK  [0m] Started ACPI Events Check.
[[0;32m  OK  [0m] Listening on cloud-init hotplug hook socket.
[[0;32m  OK  [0m] Started Daily apt download activities.
[[0;32m  OK  [0m] Listening on UUID daemon activation socket.
[[0;32m  OK  [0m] Started Daily apt upgrade and clean activities.
[[0;32m  OK  [0m] Started Trigger to poll for Ubuntu …(Only enabled on GCP LTS non-pro).
[[0;32m  OK  [0m] Reached target Paths.
[[0;32m  OK  [0m] Started Discard unused blocks once a week.
[[0;32m  OK  [0m] Started Message of the Day.
[[0;32m  OK  [0m] Started Daily Cleanup of Temporary Directories.
[[0;32m  OK  [0m] Reached target Timers.
[[0;32m  OK  [0m] Listening on ACPID Listen Socket.
[[0;32m  OK  [0m] Started Availability of block devices.
[[0;32m  OK  [0m] Mounted /vagrant.
[[0;32m  OK  [0m] Listening on Socket activation for snappy daemon.
[[0;32m  OK  [0m] Listening on LXD - unix socket.
[[0;32m  OK  [0m] Reached target Sockets.
[[0;32m  OK  [0m] Reached target Basic System.
         Starting Virtualbox guest utils...
         Starting System Logging Service...
[[0;32m  OK  [0m] Started kubelet: The Kubernetes Node Agent.
         Starting Login Service...
         Starting Snap Daemon...
         Starting Dispatcher daemon for systemd-networkd...
[[0;32m  OK  [0m] Started Regular background program processing daemon.
[[0;32m  OK  [0m] Started D-Bus System Message Bus.
[[0;32m  OK  [0m] Started Login Service.
         Starting LXD - container startup/shutdown...
[[0;32m  OK  [0m] Started FUSE filesystem for LXC.
         Starting containerd container runtime...
         Starting Accounts Service...
         Starting LSB: Record successful boot for GRUB...
         Starting OpenBSD Secure Shell server...
[[0;32m  OK  [0m] Started irqbalance daemon.
[[0;32m  OK  [0m] Started Unattended Upgrades Shutdown.
[[0;32m  OK  [0m] Started Deferred execution scheduler.
[[0;32m  OK  [0m] Reached target Remote File Systems.
         Starting Permit User Sessions...
         Starting LSB: automatic crash report generation...
[[0;32m  OK  [0m] Started System Logging Service.
[[0;32m  OK  [0m] Started Permit User Sessions.
         Starting Hold until boot process finishes up...
         Starting Terminate Plymouth Boot Screen...
         Starting Authorization Manager...
[[0;32m  OK  [0m] Started Hold until boot process finishes up.
         Starting Set console scheme...
[[0;32m  OK  [0m] Started Serial Getty on ttyS0.
[[0;32m  OK  [0m] Started Terminate Plymouth Boot Screen.
[[0;32m  OK  [0m] Started LXD - container startup/shutdown.
[[0;32m  OK  [0m] Started Authorization Manager.
[[0;32m  OK  [0m] Started Accounts Service.
[[0;32m  OK  [0m] Started Set console scheme.
[[0;32m  OK  [0m] Created slice system-getty.slice.
[[0;32m  OK  [0m] Started Getty on tty1.
[[0;32m  OK  [0m] Reached target Login Prompts.
[[0;32m  OK  [0m] Started OpenBSD Secure Shell server.
[[0;32m  OK  [0m] Started LSB: automatic crash report generation.
[[0;32m  OK  [0m] Started Virtualbox guest utils.
[[0;32m  OK  [0m] Started LSB: Record successful boot for GRUB.
[[0;32m  OK  [0m] Created slice User Slice of vagrant.
[[0;32m  OK  [0m] Started Dispatcher daemon for systemd-networkd.
         Starting User Manager for UID 1000...
[[0;32m  OK  [0m] Started Session 1 of user vagrant.
[[0;32m  OK  [0m] Started User Manager for UID 1000.
[[0;32m  OK  [0m] Started containerd container runtime.
[[0;32m  OK  [0m] Started Snap Daemon.
         Starting Wait until snapd is fully seeded...
         Starting Time & Date Service...
[[0;32m  OK  [0m] Started Time & Date Service.
[[0;32m  OK  [0m] Started Wait until snapd is fully seeded.
         Starting Apply the settings specified in cloud-config...
[[0;32m  OK  [0m] Reached target Multi-User System.
[[0;32m  OK  [0m] Reached target Graphical Interface.
         Starting Update UTMP about System Runlevel Changes...
[[0;32m  OK  [0m] Started Update UTMP about System Runlevel Changes.
[   16.316230] cloud-init[1119]: Cloud-init v. 22.1-14-g2e17a0d6-0ubuntu1~18.04.3 running 'modules:config' at Thu, 07 Apr 2022 06:48:40 +0000. Up 16.16 seconds.
[[0;32m  OK  [0m] Started Apply the settings specified in cloud-config.
         Starting Execute cloud user/final scripts...
[   16.951941] cloud-init[1231]: Cloud-init v. 22.1-14-g2e17a0d6-0ubuntu1~18.04.3 running 'modules:final' at Thu, 07 Apr 2022 06:48:41 +0000. Up 16.85 seconds.
[   16.953805] cloud-init[1231]: Cloud-init v. 22.1-14-g2e17a0d6-0ubuntu1~18.04.3 finished at Thu, 07 Apr 2022 06:48:41 +0000. Datasource DataSourceNoCloud [seed=/dev/sdb][dsmode=net].  Up 16.94 seconds
[[0;32m  OK  [0m] Started Execute cloud user/final scripts.
[[0;32m  OK  [0m] Reached target Cloud-init target.
         Starting Daily apt download activities...

Ubuntu 18.04.6 LTS worker-2 ttyS0

worker-2 login: [[0;32m  OK  [0m] Stopped kubelet: The Kubernetes Node Agent.
[[0;32m  OK  [0m] Started kubelet: The Kubernetes Node Agent.
         Starting Message of the Day...
[[0;32m  OK  [0m] Started Message of the Day.
[[0;32m  OK  [0m] Stopped kubelet: The Kubernetes Node Agent.
[[0;32m  OK  [0m] Started kubelet: The Kubernetes Node Agent.
[[0;32m  OK  [0m] Stopped kubelet: The Kubernetes Node Agent.
[[0;32m  OK  [0m] Started kubelet: The Kubernetes Node Agent.
[[0;32m  OK  [0m] Stopped kubelet: The Kubernetes Node Agent.
[[0;32m  OK  [0m] Started kubelet: The Kubernetes Node Agent.
[[0;32m  OK  [0m] Stopped kubelet: The Kubernetes Node Agent.
[[0;32m  OK  [0m] Started kubelet: The Kubernetes Node Agent.
[[0;32m  OK  [0m] Stopped kubelet: The Kubernetes Node Agent.
[[0;32m  OK  [0m] Started kubelet: The Kubernetes Node Agent.
[[0;32m  OK  [0m] Started Daily apt upgrade and clean activities.
bernetes Node Agent.
[[0;32m  OK  [0m] Started Daily apt upgrade and clean activities.
 OK  [0m] Stopped kubelet: The Kubernetes Node Agent.
[[0;32m  OK  [0m] Started kubelet: The Kubernetes Node Agent.
[[0;32m  OK  [0m] Stopped kubelet: The Kubernetes Node Agent.
[[0;32m  OK  [0m] Started kubelet: The Kubernetes Node Agent.
[[0;32m  OK  [0m] Stopped kubelet: The Kubernetes Node Agent.
[[0;32m  OK  [0m] Started kubelet: The Kubernetes Node Agent.
[[0;32m  OK  [0m] Stopped kubelet: The Kubernetes Node Agent.
[[0;32m  OK  [0m] Started kubelet: The Kubernetes Node Agent.
[[0;32m  OK  [0m] Stopped kubelet: The Kubernetes Node Agent.
[[0;32m  OK  [0m] Started kubelet: The Kubernetes Node Agent.
[[0;32m  OK  [0m] Stopped kubelet: The Kubernetes Node Agent.
[[0;32m  OK  [0m] Started kubelet: The Kubernetes Node Agent.
[[0;32m  OK  [0m] Stopped kubelet: The Kubernetes Node Agent.
[[0;32m  OK  [0m] Started kubelet: The Kubernetes Node Agent.
[[0;32m  OK  [0m] Started Daily apt upgrade and clean activities.
